2017-07-06 20:30:19,027 INFO osmnx Configured osmnx
2017-07-06 20:30:19,051 INFO osmnx Retrieved response from cache file "cache/aeaad0e5d94be13f13b28fe9ed8cb6f5.json" for URL "https://nominatim.openstreetmap.org/search?format=json&limit=1&dedupe=0&polygon_geojson=1&city=amman"
2017-07-06 20:30:19,062 INFO osmnx Projected the GeoDataFrame "amman" to UTM-36 in 0.01 seconds
2017-07-06 20:30:19,068 INFO osmnx Projected the GeoDataFrame "amman" to EPSG 4326 in 0.00 seconds
2017-07-06 20:30:19,068 INFO osmnx Buffered the GeoDataFrame "amman" to 25000 meters
2017-07-06 20:30:19,068 INFO osmnx Created GeoDataFrame with 1 row for query "{'city': 'amman'}"
2017-07-06 20:43:16,078 INFO osmnx Configured osmnx
2017-07-06 20:43:16,101 INFO osmnx Retrieved response from cache file "cache/aeaad0e5d94be13f13b28fe9ed8cb6f5.json" for URL "https://nominatim.openstreetmap.org/search?format=json&limit=1&dedupe=0&polygon_geojson=1&city=amman"
2017-07-06 20:43:16,105 INFO osmnx Projected the GeoDataFrame "amman" to UTM-36 in 0.00 seconds
2017-07-06 20:43:16,111 INFO osmnx Projected the GeoDataFrame "amman" to EPSG 4326 in 0.00 seconds
2017-07-06 20:43:16,111 INFO osmnx Buffered the GeoDataFrame "amman" to 25000 meters
2017-07-06 20:43:16,111 INFO osmnx Created GeoDataFrame with 1 row for query "{'city': 'amman'}"
2017-07-06 20:45:11,640 INFO osmnx Configured osmnx
2017-07-06 20:45:11,664 INFO osmnx Retrieved response from cache file "cache/aeaad0e5d94be13f13b28fe9ed8cb6f5.json" for URL "https://nominatim.openstreetmap.org/search?format=json&limit=1&dedupe=0&polygon_geojson=1&city=amman"
2017-07-06 20:45:11,667 INFO osmnx Projected the GeoDataFrame "amman" to UTM-36 in 0.00 seconds
2017-07-06 20:45:11,674 INFO osmnx Projected the GeoDataFrame "amman" to EPSG 4326 in 0.00 seconds
2017-07-06 20:45:11,674 INFO osmnx Buffered the GeoDataFrame "amman" to 25000 meters
2017-07-06 20:45:11,674 INFO osmnx Created GeoDataFrame with 1 row for query "{'city': 'amman'}"
2017-07-06 20:51:30,585 INFO osmnx Configured osmnx
2017-07-06 20:51:30,608 INFO osmnx Retrieved response from cache file "cache/aeaad0e5d94be13f13b28fe9ed8cb6f5.json" for URL "https://nominatim.openstreetmap.org/search?format=json&limit=1&dedupe=0&polygon_geojson=1&city=amman"
2017-07-06 20:51:30,611 INFO osmnx Projected the GeoDataFrame "amman" to UTM-36 in 0.00 seconds
2017-07-06 20:51:30,618 INFO osmnx Projected the GeoDataFrame "amman" to EPSG 4326 in 0.00 seconds
2017-07-06 20:51:30,618 INFO osmnx Buffered the GeoDataFrame "amman" to 25000 meters
2017-07-06 20:51:30,618 INFO osmnx Created GeoDataFrame with 1 row for query "{'city': 'amman'}"
