2017-07-03 20:44:08,667 INFO osmnx Configured osmnx
2017-07-03 20:44:08,692 INFO osmnx Pausing 1.00 seconds before making API GET request
2017-07-03 20:44:09,694 INFO osmnx Requesting https://nominatim.openstreetmap.org/search?format=json&limit=1&dedupe=0&polygon_geojson=1&city=amman with timeout=30
2017-07-03 20:44:10,327 INFO osmnx Downloaded 3.1KB from nominatim.openstreetmap.org in 0.63 seconds
2017-07-03 20:44:10,328 INFO osmnx Saved response to cache file "cache/aeaad0e5d94be13f13b28fe9ed8cb6f5.json"
2017-07-03 20:44:10,347 INFO osmnx Projected the GeoDataFrame "amman" to UTM-36 in 0.01 seconds
2017-07-03 20:44:10,357 INFO osmnx Projected the GeoDataFrame "amman" to EPSG 4326 in 0.00 seconds
2017-07-03 20:44:10,357 INFO osmnx Buffered the GeoDataFrame "amman" to 25000 meters
2017-07-03 20:44:10,357 INFO osmnx Created GeoDataFrame with 1 row for query "{'city': 'amman'}"
2017-07-03 20:44:10,389 INFO osmnx Saved the GeoDataFrame "amman" as shapefile "data/amman"
2017-07-03 20:48:27,941 INFO osmnx Configured osmnx
2017-07-03 20:48:27,965 INFO osmnx Retrieved response from cache file "cache/aeaad0e5d94be13f13b28fe9ed8cb6f5.json" for URL "https://nominatim.openstreetmap.org/search?format=json&limit=1&dedupe=0&polygon_geojson=1&city=amman"
2017-07-03 20:48:27,969 INFO osmnx Projected the GeoDataFrame "amman" to UTM-36 in 0.00 seconds
2017-07-03 20:48:27,975 INFO osmnx Projected the GeoDataFrame "amman" to EPSG 4326 in 0.00 seconds
2017-07-03 20:48:27,975 INFO osmnx Buffered the GeoDataFrame "amman" to 25000 meters
2017-07-03 20:48:27,975 INFO osmnx Created GeoDataFrame with 1 row for query "{'city': 'amman'}"
2017-07-03 20:48:27,985 INFO osmnx Saved the GeoDataFrame "amman" as shapefile "/home/data/boundries/amman"
2017-07-03 20:50:37,696 INFO osmnx Configured osmnx
2017-07-03 20:50:37,720 INFO osmnx Retrieved response from cache file "cache/aeaad0e5d94be13f13b28fe9ed8cb6f5.json" for URL "https://nominatim.openstreetmap.org/search?format=json&limit=1&dedupe=0&polygon_geojson=1&city=amman"
2017-07-03 20:50:37,724 INFO osmnx Projected the GeoDataFrame "amman" to UTM-36 in 0.00 seconds
2017-07-03 20:50:37,731 INFO osmnx Projected the GeoDataFrame "amman" to EPSG 4326 in 0.00 seconds
2017-07-03 20:50:37,731 INFO osmnx Buffered the GeoDataFrame "amman" to 25000 meters
2017-07-03 20:50:37,731 INFO osmnx Created GeoDataFrame with 1 row for query "{'city': 'amman'}"
2017-07-03 20:50:37,741 INFO osmnx Saved the GeoDataFrame "amman" as shapefile "/home/data/boundries/amman"
2017-07-03 20:59:16,141 INFO osmnx Configured osmnx
2017-07-03 20:59:16,164 INFO osmnx Retrieved response from cache file "cache/aeaad0e5d94be13f13b28fe9ed8cb6f5.json" for URL "https://nominatim.openstreetmap.org/search?format=json&limit=1&dedupe=0&polygon_geojson=1&city=amman"
2017-07-03 20:59:16,167 INFO osmnx Projected the GeoDataFrame "amman" to UTM-36 in 0.00 seconds
2017-07-03 20:59:16,174 INFO osmnx Projected the GeoDataFrame "amman" to EPSG 4326 in 0.00 seconds
2017-07-03 20:59:16,174 INFO osmnx Buffered the GeoDataFrame "amman" to 25000 meters
2017-07-03 20:59:16,174 INFO osmnx Created GeoDataFrame with 1 row for query "{'city': 'amman'}"
2017-07-03 20:59:16,184 INFO osmnx Saved the GeoDataFrame "amman" as shapefile "/home/data/boundries/amman"
2017-07-03 21:13:35,206 INFO osmnx Configured osmnx
2017-07-03 21:13:35,229 INFO osmnx Retrieved response from cache file "cache/aeaad0e5d94be13f13b28fe9ed8cb6f5.json" for URL "https://nominatim.openstreetmap.org/search?format=json&limit=1&dedupe=0&polygon_geojson=1&city=amman"
2017-07-03 21:13:35,232 INFO osmnx Projected the GeoDataFrame "amman" to UTM-36 in 0.00 seconds
2017-07-03 21:13:35,239 INFO osmnx Projected the GeoDataFrame "amman" to EPSG 4326 in 0.00 seconds
2017-07-03 21:13:35,239 INFO osmnx Buffered the GeoDataFrame "amman" to 25000 meters
2017-07-03 21:13:35,239 INFO osmnx Created GeoDataFrame with 1 row for query "{'city': 'amman'}"
2017-07-03 21:14:12,196 INFO osmnx Configured osmnx
2017-07-03 21:14:12,218 INFO osmnx Retrieved response from cache file "cache/aeaad0e5d94be13f13b28fe9ed8cb6f5.json" for URL "https://nominatim.openstreetmap.org/search?format=json&limit=1&dedupe=0&polygon_geojson=1&city=amman"
2017-07-03 21:14:12,222 INFO osmnx Projected the GeoDataFrame "amman" to UTM-36 in 0.00 seconds
2017-07-03 21:14:12,229 INFO osmnx Projected the GeoDataFrame "amman" to EPSG 4326 in 0.00 seconds
2017-07-03 21:14:12,229 INFO osmnx Buffered the GeoDataFrame "amman" to 25000 meters
2017-07-03 21:14:12,229 INFO osmnx Created GeoDataFrame with 1 row for query "{'city': 'amman'}"
2017-07-03 21:14:52,297 INFO osmnx Configured osmnx
2017-07-03 21:14:52,321 INFO osmnx Retrieved response from cache file "cache/aeaad0e5d94be13f13b28fe9ed8cb6f5.json" for URL "https://nominatim.openstreetmap.org/search?format=json&limit=1&dedupe=0&polygon_geojson=1&city=amman"
2017-07-03 21:14:52,325 INFO osmnx Projected the GeoDataFrame "amman" to UTM-36 in 0.00 seconds
2017-07-03 21:14:52,331 INFO osmnx Projected the GeoDataFrame "amman" to EPSG 4326 in 0.00 seconds
2017-07-03 21:14:52,331 INFO osmnx Buffered the GeoDataFrame "amman" to 25000 meters
2017-07-03 21:14:52,331 INFO osmnx Created GeoDataFrame with 1 row for query "{'city': 'amman'}"
2017-07-03 21:15:27,843 INFO osmnx Configured osmnx
2017-07-03 21:15:27,866 INFO osmnx Retrieved response from cache file "cache/aeaad0e5d94be13f13b28fe9ed8cb6f5.json" for URL "https://nominatim.openstreetmap.org/search?format=json&limit=1&dedupe=0&polygon_geojson=1&city=amman"
2017-07-03 21:15:27,870 INFO osmnx Projected the GeoDataFrame "amman" to UTM-36 in 0.00 seconds
2017-07-03 21:15:27,876 INFO osmnx Projected the GeoDataFrame "amman" to EPSG 4326 in 0.00 seconds
2017-07-03 21:15:27,876 INFO osmnx Buffered the GeoDataFrame "amman" to 25000 meters
2017-07-03 21:15:27,876 INFO osmnx Created GeoDataFrame with 1 row for query "{'city': 'amman'}"
2017-07-03 21:19:24,613 INFO osmnx Configured osmnx
2017-07-03 21:19:24,636 INFO osmnx Retrieved response from cache file "cache/aeaad0e5d94be13f13b28fe9ed8cb6f5.json" for URL "https://nominatim.openstreetmap.org/search?format=json&limit=1&dedupe=0&polygon_geojson=1&city=amman"
2017-07-03 21:19:24,639 INFO osmnx Projected the GeoDataFrame "amman" to UTM-36 in 0.00 seconds
2017-07-03 21:19:24,646 INFO osmnx Projected the GeoDataFrame "amman" to EPSG 4326 in 0.00 seconds
2017-07-03 21:19:24,646 INFO osmnx Buffered the GeoDataFrame "amman" to 25000 meters
2017-07-03 21:19:24,646 INFO osmnx Created GeoDataFrame with 1 row for query "{'city': 'amman'}"
2017-07-03 21:20:15,673 INFO osmnx Configured osmnx
2017-07-03 21:20:15,696 INFO osmnx Retrieved response from cache file "cache/aeaad0e5d94be13f13b28fe9ed8cb6f5.json" for URL "https://nominatim.openstreetmap.org/search?format=json&limit=1&dedupe=0&polygon_geojson=1&city=amman"
2017-07-03 21:20:15,700 INFO osmnx Projected the GeoDataFrame "amman" to UTM-36 in 0.00 seconds
2017-07-03 21:20:15,707 INFO osmnx Projected the GeoDataFrame "amman" to EPSG 4326 in 0.00 seconds
2017-07-03 21:20:15,707 INFO osmnx Buffered the GeoDataFrame "amman" to 25000 meters
2017-07-03 21:20:15,707 INFO osmnx Created GeoDataFrame with 1 row for query "{'city': 'amman'}"
2017-07-03 21:23:26,003 INFO osmnx Configured osmnx
2017-07-03 21:23:26,027 INFO osmnx Retrieved response from cache file "cache/aeaad0e5d94be13f13b28fe9ed8cb6f5.json" for URL "https://nominatim.openstreetmap.org/search?format=json&limit=1&dedupe=0&polygon_geojson=1&city=amman"
2017-07-03 21:23:26,030 INFO osmnx Projected the GeoDataFrame "amman" to UTM-36 in 0.00 seconds
2017-07-03 21:23:26,037 INFO osmnx Projected the GeoDataFrame "amman" to EPSG 4326 in 0.00 seconds
2017-07-03 21:23:26,037 INFO osmnx Buffered the GeoDataFrame "amman" to 25000 meters
2017-07-03 21:23:26,037 INFO osmnx Created GeoDataFrame with 1 row for query "{'city': 'amman'}"
2017-07-03 21:24:51,144 INFO osmnx Configured osmnx
2017-07-03 21:24:51,168 INFO osmnx Retrieved response from cache file "cache/aeaad0e5d94be13f13b28fe9ed8cb6f5.json" for URL "https://nominatim.openstreetmap.org/search?format=json&limit=1&dedupe=0&polygon_geojson=1&city=amman"
2017-07-03 21:24:51,172 INFO osmnx Projected the GeoDataFrame "amman" to UTM-36 in 0.00 seconds
2017-07-03 21:24:51,179 INFO osmnx Projected the GeoDataFrame "amman" to EPSG 4326 in 0.00 seconds
2017-07-03 21:24:51,180 INFO osmnx Buffered the GeoDataFrame "amman" to 25000 meters
2017-07-03 21:24:51,180 INFO osmnx Created GeoDataFrame with 1 row for query "{'city': 'amman'}"
2017-07-03 21:31:14,082 INFO osmnx Configured osmnx
2017-07-03 21:31:14,106 INFO osmnx Retrieved response from cache file "cache/aeaad0e5d94be13f13b28fe9ed8cb6f5.json" for URL "https://nominatim.openstreetmap.org/search?format=json&limit=1&dedupe=0&polygon_geojson=1&city=amman"
2017-07-03 21:31:14,109 INFO osmnx Projected the GeoDataFrame "amman" to UTM-36 in 0.00 seconds
2017-07-03 21:31:14,116 INFO osmnx Projected the GeoDataFrame "amman" to EPSG 4326 in 0.00 seconds
2017-07-03 21:31:14,116 INFO osmnx Buffered the GeoDataFrame "amman" to 25000 meters
2017-07-03 21:31:14,116 INFO osmnx Created GeoDataFrame with 1 row for query "{'city': 'amman'}"
2017-07-03 21:31:45,738 INFO osmnx Configured osmnx
2017-07-03 21:31:45,761 INFO osmnx Retrieved response from cache file "cache/aeaad0e5d94be13f13b28fe9ed8cb6f5.json" for URL "https://nominatim.openstreetmap.org/search?format=json&limit=1&dedupe=0&polygon_geojson=1&city=amman"
2017-07-03 21:31:45,765 INFO osmnx Projected the GeoDataFrame "amman" to UTM-36 in 0.00 seconds
2017-07-03 21:31:45,771 INFO osmnx Projected the GeoDataFrame "amman" to EPSG 4326 in 0.00 seconds
2017-07-03 21:31:45,771 INFO osmnx Buffered the GeoDataFrame "amman" to 25000 meters
2017-07-03 21:31:45,772 INFO osmnx Created GeoDataFrame with 1 row for query "{'city': 'amman'}"
2017-07-03 21:37:52,826 INFO osmnx Configured osmnx
2017-07-03 21:37:52,851 INFO osmnx Retrieved response from cache file "cache/aeaad0e5d94be13f13b28fe9ed8cb6f5.json" for URL "https://nominatim.openstreetmap.org/search?format=json&limit=1&dedupe=0&polygon_geojson=1&city=amman"
2017-07-03 21:37:52,855 INFO osmnx Projected the GeoDataFrame "amman" to UTM-36 in 0.00 seconds
2017-07-03 21:37:52,862 INFO osmnx Projected the GeoDataFrame "amman" to EPSG 4326 in 0.00 seconds
2017-07-03 21:37:52,862 INFO osmnx Buffered the GeoDataFrame "amman" to 25000 meters
2017-07-03 21:37:52,862 INFO osmnx Created GeoDataFrame with 1 row for query "{'city': 'amman'}"
2017-07-03 21:40:28,235 INFO osmnx Configured osmnx
2017-07-03 21:40:28,259 INFO osmnx Retrieved response from cache file "cache/aeaad0e5d94be13f13b28fe9ed8cb6f5.json" for URL "https://nominatim.openstreetmap.org/search?format=json&limit=1&dedupe=0&polygon_geojson=1&city=amman"
2017-07-03 21:40:28,262 INFO osmnx Projected the GeoDataFrame "amman" to UTM-36 in 0.00 seconds
2017-07-03 21:40:28,269 INFO osmnx Projected the GeoDataFrame "amman" to EPSG 4326 in 0.00 seconds
2017-07-03 21:40:28,269 INFO osmnx Buffered the GeoDataFrame "amman" to 25000 meters
2017-07-03 21:40:28,269 INFO osmnx Created GeoDataFrame with 1 row for query "{'city': 'amman'}"
